
[22-Mar-2006 15:23:15] PHP Warning:  ActionController::load_router(/home/haas/trax/config/routes.php) [<a href='function.load-router'>function.load-router</a>]: failed to open stream: No such file or directory in /home/haas/trax/vendor/trax/action_controller.php on line 356
[22-Mar-2006 15:23:15] PHP Fatal error:  ActionController::load_router() [<a href='function.require'>function.require</a>]: Failed opening required '/home/haas/trax/config/routes.php' (include_path='.:/home/haas/trax/vendor/trax:/usr/local/lib/php:/home/haas/trax/lib:.:/usr/share/pear:/home/haas/trax/config') in /home/haas/trax/vendor/trax/action_controller.php on line 356
[22-Mar-2006 15:23:58] PHP Notice:  Undefined index:  ACTIVE_RECORD_SQL_LOG in /home/haas/trax/vendor/trax/templates/error.phtml on line 51
[31-Mar-2006 11:17:57] PHP Notice:  Undefined offset:  3 in /home/haas/trax/trunk/trax/vendor/trax/trax_generator.php on line 133
[31-Mar-2006 11:17:57] PHP Notice:  Undefined variable: views in /home/haas/trax/trunk/trax/vendor/trax/trax_generator.php on line 140
[31-Mar-2006 11:17:57] PHP Fatal error:  Uncaught exception 'ActiveRecordError' with message 'Model Class: Admin<br>Error Message: DB Error: connect failed' in /home/haas/trax/trunk/trax/vendor/trax/active_record.php:1936
Stack trace:
#0 /home/haas/trax/trunk/trax/vendor/trax/active_record.php(1936): ActiveRecord::raise()
#1 /home/haas/trax/trunk/trax/vendor/trax/active_record.php(1908): Admin->raise('DB Error: conne...')
#2 /home/haas/trax/trunk/trax/vendor/trax/active_record.php(335): Admin->establish_connection()
#3 /home/haas/trax/trunk/trax/vendor/trax/trax_generator.php(288): Admin->__construct()
#4 /home/haas/trax/trunk/trax/vendor/trax/trax_generator.php(140): TraxGenerator->generate_scaffold('admin', NULL, NULL)
#5 /home/haas/trax/trunk/trax/script/generate.php(56): TraxGenerator->run()
#6 {main}
  thrown in /home/haas/trax/trunk/trax/vendor/trax/active_record.php on line 1936
[31-Mar-2006 11:21:13] PHP Notice:  Undefined variable: views in /home/haas/trax/trunk/trax/vendor/trax/trax_generator.php on line 141
[31-Mar-2006 11:21:13] PHP Fatal error:  Uncaught exception 'ActiveRecordError' with message 'Model Class: Person<br>Error Message: DB Error: connect failed' in /home/haas/trax/trunk/trax/vendor/trax/active_record.php:1936
Stack trace:
#0 /home/haas/trax/trunk/trax/vendor/trax/active_record.php(1936): ActiveRecord::raise()
#1 /home/haas/trax/trunk/trax/vendor/trax/active_record.php(1908): Person->raise('DB Error: conne...')
#2 /home/haas/trax/trunk/trax/vendor/trax/active_record.php(335): Person->establish_connection()
#3 /home/haas/trax/trunk/trax/vendor/trax/trax_generator.php(289): Person->__construct()
#4 /home/haas/trax/trunk/trax/vendor/trax/trax_generator.php(141): TraxGenerator->generate_scaffold('Person', 'admin', NULL)
#5 /home/haas/trax/trunk/trax/script/generate.php(56): TraxGenerator->run()
#6 {main}
  thrown in /home/haas/trax/trunk/trax/vendor/trax/active_record.php on line 1936
[31-Mar-2006 20:10:10] PHP Notice:  Undefined variable: views in /home/haas/trax/trunk/trax/vendor/trax/trax_generator.php on line 141
[31-Mar-2006 20:10:11] PHP Fatal error:  Uncaught exception 'ActiveRecordError' with message 'Model Class: Person<br>Error Message: DB Error: connect failed' in /home/haas/trax/trunk/trax/vendor/trax/active_record.php:1936
Stack trace:
#0 /home/haas/trax/trunk/trax/vendor/trax/active_record.php(1936): ActiveRecord::raise()
#1 /home/haas/trax/trunk/trax/vendor/trax/active_record.php(1908): Person->raise('DB Error: conne...')
#2 /home/haas/trax/trunk/trax/vendor/trax/active_record.php(335): Person->establish_connection()
#3 /home/haas/trax/trunk/trax/vendor/trax/trax_generator.php(289): Person->__construct()
#4 /home/haas/trax/trunk/trax/vendor/trax/trax_generator.php(141): TraxGenerator->generate_scaffold('Person', 'admin', NULL)
#5 /home/haas/trax/trunk/trax/script/generate.php(56): TraxGenerator->run()
#6 {main}
  thrown in /home/haas/trax/trunk/trax/vendor/trax/active_record.php on line 1936
[01-Apr-2006 10:39:07] PHP Notice:  Undefined variable: views in /home/haas/trax/trunk/trax/vendor/trax/trax_generator.php on line 254
[01-Apr-2006 10:39:07] PHP Fatal error:  Uncaught exception 'ActiveRecordError' with message 'Model Class: CreditCard<br>Error Message: DB Error: connect failed' in /home/haas/trax/trunk/trax/vendor/trax/active_record.php:1936
Stack trace:
#0 /home/haas/trax/trunk/trax/vendor/trax/active_record.php(1936): ActiveRecord::raise()
#1 /home/haas/trax/trunk/trax/vendor/trax/active_record.php(1908): CreditCard->raise('DB Error: conne...')
#2 /home/haas/trax/trunk/trax/vendor/trax/active_record.php(335): CreditCard->establish_connection()
#3 /home/haas/trax/trunk/trax/vendor/trax/trax_generator.php(425): CreditCard->__construct()
#4 /home/haas/trax/trunk/trax/vendor/trax/trax_generator.php(254): TraxGenerator->generate_scaffold('CreditCard', '', NULL)
#5 /home/haas/trax/trunk/trax/script/generate.php(56): TraxGenerator->run()
#6 {main}
  thrown in /home/haas/trax/trunk/trax/vendor/trax/active_record.php on line 1936
[01-Apr-2006 10:39:52] PHP Notice:  Undefined variable: views in /home/haas/trax/trunk/trax/vendor/trax/trax_generator.php on line 254
[01-Apr-2006 10:39:52] PHP Notice:  Undefined index:  current_controller_name in /home/haas/trax/trunk/trax/vendor/trax/action_view/helpers.php on line 48
[01-Apr-2006 10:39:52] PHP Notice:  Undefined index:  current_controller_path in /home/haas/trax/trunk/trax/vendor/trax/action_view/helpers.php on line 49
[01-Apr-2006 10:41:59] PHP Notice:  Undefined variable: views in /home/haas/trax/trunk/trax/vendor/trax/trax_generator.php on line 256
[01-Apr-2006 10:42:00] PHP Notice:  Undefined index:  current_controller_name in /home/haas/trax/trunk/trax/vendor/trax/action_view/helpers.php on line 48
[01-Apr-2006 10:42:00] PHP Notice:  Undefined index:  current_controller_path in /home/haas/trax/trunk/trax/vendor/trax/action_view/helpers.php on line 49
[01-Apr-2006 10:43:13] PHP Notice:  Undefined variable: views in /home/haas/trax/trunk/trax/vendor/trax/trax_generator.php on line 259
[01-Apr-2006 10:43:13] PHP Notice:  Undefined index:  current_controller_name in /home/haas/trax/trunk/trax/vendor/trax/action_view/helpers.php on line 48
[01-Apr-2006 10:43:13] PHP Notice:  Undefined index:  current_controller_path in /home/haas/trax/trunk/trax/vendor/trax/action_view/helpers.php on line 49
[01-Apr-2006 10:43:25] PHP Notice:  Undefined variable: views in /home/haas/trax/trunk/trax/vendor/trax/trax_generator.php on line 259
[01-Apr-2006 10:43:25] PHP Notice:  Undefined index:  current_controller_name in /home/haas/trax/trunk/trax/vendor/trax/action_view/helpers.php on line 48
[01-Apr-2006 10:43:25] PHP Notice:  Undefined index:  current_controller_path in /home/haas/trax/trunk/trax/vendor/trax/action_view/helpers.php on line 49
[01-Apr-2006 10:44:32] PHP Notice:  Undefined index:  current_controller_name in /home/haas/trax/trunk/trax/vendor/trax/action_view/helpers.php on line 48
[01-Apr-2006 10:44:32] PHP Notice:  Undefined index:  current_controller_path in /home/haas/trax/trunk/trax/vendor/trax/action_view/helpers.php on line 49
[01-Apr-2006 10:44:45] PHP Notice:  Undefined index:  current_controller_name in /home/haas/trax/trunk/trax/vendor/trax/action_view/helpers.php on line 48
[01-Apr-2006 10:44:45] PHP Notice:  Undefined index:  current_controller_path in /home/haas/trax/trunk/trax/vendor/trax/action_view/helpers.php on line 49
[01-Apr-2006 10:45:24] PHP Notice:  Undefined index:  current_controller_name in /home/haas/trax/trunk/trax/vendor/trax/action_view/helpers.php on line 48
[01-Apr-2006 10:45:24] PHP Notice:  Undefined index:  current_controller_path in /home/haas/trax/trunk/trax/vendor/trax/action_view/helpers.php on line 49
[01-Apr-2006 10:47:01] PHP Notice:  Undefined index:  current_controller_name in /home/haas/trax/trunk/trax/vendor/trax/action_view/helpers.php on line 48
[01-Apr-2006 10:47:01] PHP Notice:  Undefined index:  current_controller_path in /home/haas/trax/trunk/trax/vendor/trax/action_view/helpers.php on line 49
[01-Apr-2006 11:35:00] PHP Notice:  Undefined offset:  3 in /home/haas/trax/trunk/trax/vendor/trax/trax_generator.php on line 123
[01-Apr-2006 11:35:00] PHP Notice:  Undefined offset:  4 in /home/haas/trax/trunk/trax/vendor/trax/trax_generator.php on line 124
[01-Apr-2006 11:35:00] PHP Notice:  Undefined variable: views in /home/haas/trax/trunk/trax/vendor/trax/trax_generator.php on line 129
[01-Apr-2006 11:35:00] PHP Notice:  Undefined property:  TraxGenerator::$extra_path in /home/haas/trax/trunk/trax/vendor/trax/trax_generator.php on line 203
[01-Apr-2006 11:35:01] PHP Notice:  Undefined index:  current_controller_name in /home/haas/trax/trunk/trax/vendor/trax/action_view/helpers.php on line 48
[01-Apr-2006 11:35:01] PHP Notice:  Undefined index:  current_controller_path in /home/haas/trax/trunk/trax/vendor/trax/action_view/helpers.php on line 49
[01-Apr-2006 13:25:17] PHP Notice:  Undefined index:  current_controller_name in /home/haas/trax/trunk/trax/vendor/trax/action_view/helpers.php on line 48
[01-Apr-2006 13:25:17] PHP Notice:  Undefined index:  current_controller_path in /home/haas/trax/trunk/trax/vendor/trax/action_view/helpers.php on line 49
[01-Apr-2006 14:27:44] PHP Notice:  Undefined index:  current_controller_name in /home/haas/trax/trunk/trax/vendor/trax/action_view/helpers.php on line 48
[01-Apr-2006 14:27:44] PHP Notice:  Undefined index:  current_controller_path in /home/haas/trax/trunk/trax/vendor/trax/action_view/helpers.php on line 49
[01-Apr-2006 14:28:47] PHP Notice:  Undefined index:  current_controller_name in /home/haas/trax/trunk/trax/vendor/trax/action_view/helpers.php on line 48
[01-Apr-2006 14:28:47] PHP Notice:  Undefined index:  current_controller_path in /home/haas/trax/trunk/trax/vendor/trax/action_view/helpers.php on line 49
[01-Apr-2006 14:31:38] PHP Notice:  Undefined index:  current_controller_name in /home/haas/trax/trunk/trax/vendor/trax/action_view/helpers.php on line 48
[01-Apr-2006 14:31:38] PHP Notice:  Undefined index:  current_controller_path in /home/haas/trax/trunk/trax/vendor/trax/action_view/helpers.php on line 49
[01-Apr-2006 14:33:12] PHP Notice:  Undefined index:  current_controller_name in /home/haas/trax/trunk/trax/vendor/trax/action_view/helpers.php on line 48
[01-Apr-2006 14:33:12] PHP Notice:  Undefined index:  current_controller_path in /home/haas/trax/trunk/trax/vendor/trax/action_view/helpers.php on line 49
[01-Apr-2006 14:35:38] PHP Notice:  Undefined index:  current_controller_name in /home/haas/trax/trunk/trax/vendor/trax/action_view/helpers.php on line 48
[01-Apr-2006 14:35:38] PHP Notice:  Undefined index:  current_controller_path in /home/haas/trax/trunk/trax/vendor/trax/action_view/helpers.php on line 49
[01-Apr-2006 16:22:39] PHP Notice:  Undefined index:  current_controller_name in /home/haas/trax/trunk/trax/vendor/trax/action_view/helpers.php on line 48
[01-Apr-2006 16:22:39] PHP Notice:  Undefined index:  current_controller_path in /home/haas/trax/trunk/trax/vendor/trax/action_view/helpers.php on line 49
[02-Apr-2006 18:27:44] PHP Notice:  Undefined variable: views in /home/haas/trax/trunk/trax/vendor/trax/trax_generator.php on line 233
[02-Apr-2006 18:42:04] PHP Notice:  Undefined index:  current_controller_name in /home/haas/trax/trunk/trax/vendor/trax/action_view/helpers.php on line 48
[02-Apr-2006 18:42:04] PHP Notice:  Undefined index:  current_controller_path in /home/haas/trax/trunk/trax/vendor/trax/action_view/helpers.php on line 49
[02-Apr-2006 18:42:04] PHP Notice:  Undefined index:  current_controller_object in /home/haas/trax/trunk/trax/vendor/trax/action_view/helpers.php on line 50
[02-Apr-2006 18:42:04] PHP Notice:  Undefined property:  TraxGenerator::$Person in /home/haas/trax/trunk/trax/vendor/trax/templates/scaffolds/generator_templates/form_scaffolding.phtml on line 7
[02-Apr-2006 18:42:04] PHP Notice:  Trying to get property of non-object in /home/haas/trax/trunk/trax/vendor/trax/action_view/helpers/active_record_helper.php on line 166
[02-Apr-2006 18:52:49] PHP Notice:  Undefined index:  current_controller_name in /home/haas/trax/trunk/trax/vendor/trax/action_view/helpers.php on line 48
[02-Apr-2006 18:52:49] PHP Notice:  Undefined index:  current_controller_path in /home/haas/trax/trunk/trax/vendor/trax/action_view/helpers.php on line 49
[02-Apr-2006 18:52:49] PHP Notice:  Undefined index:  current_controller_name in /home/haas/trax/trunk/trax/vendor/trax/action_view/helpers.php on line 48
[02-Apr-2006 18:52:49] PHP Notice:  Undefined index:  current_controller_path in /home/haas/trax/trunk/trax/vendor/trax/action_view/helpers.php on line 49
[02-Apr-2006 18:52:49] PHP Notice:  Undefined variable: results in /home/haas/trax/trunk/trax/vendor/trax/action_view/helpers/active_record_helper.php on line 269
[02-Apr-2006 18:52:49] PHP Notice:  Undefined index:  current_controller_name in /home/haas/trax/trunk/trax/vendor/trax/action_view/helpers.php on line 48
[02-Apr-2006 18:52:49] PHP Notice:  Undefined index:  current_controller_path in /home/haas/trax/trunk/trax/vendor/trax/action_view/helpers.php on line 49
[02-Apr-2006 18:52:49] PHP Notice:  Undefined variable: results in /home/haas/trax/trunk/trax/vendor/trax/action_view/helpers/active_record_helper.php on line 269
[02-Apr-2006 18:52:49] PHP Notice:  Undefined index:  current_controller_name in /home/haas/trax/trunk/trax/vendor/trax/action_view/helpers.php on line 48
[02-Apr-2006 18:52:49] PHP Notice:  Undefined index:  current_controller_path in /home/haas/trax/trunk/trax/vendor/trax/action_view/helpers.php on line 49
[02-Apr-2006 18:52:49] PHP Notice:  Undefined index:  current_controller_name in /home/haas/trax/trunk/trax/vendor/trax/action_view/helpers.php on line 48
[02-Apr-2006 18:52:49] PHP Notice:  Undefined index:  current_controller_path in /home/haas/trax/trunk/trax/vendor/trax/action_view/helpers.php on line 49
[02-Apr-2006 18:52:49] PHP Notice:  Undefined index:  current_controller_name in /home/haas/trax/trunk/trax/vendor/trax/action_view/helpers.php on line 48
[02-Apr-2006 18:52:49] PHP Notice:  Undefined index:  current_controller_path in /home/haas/trax/trunk/trax/vendor/trax/action_view/helpers.php on line 49
[02-Apr-2006 18:52:49] PHP Notice:  Undefined index:  current_controller_name in /home/haas/trax/trunk/trax/vendor/trax/action_view/helpers.php on line 48
[02-Apr-2006 18:52:49] PHP Notice:  Undefined index:  current_controller_path in /home/haas/trax/trunk/trax/vendor/trax/action_view/helpers.php on line 49
[02-Apr-2006 18:52:49] PHP Notice:  Undefined index:  current_controller_name in /home/haas/trax/trunk/trax/vendor/trax/action_view/helpers.php on line 48
[02-Apr-2006 18:52:49] PHP Notice:  Undefined index:  current_controller_path in /home/haas/trax/trunk/trax/vendor/trax/action_view/helpers.php on line 49
[02-Apr-2006 18:52:49] PHP Notice:  Undefined index:  current_controller_name in /home/haas/trax/trunk/trax/vendor/trax/action_view/helpers.php on line 48
[02-Apr-2006 18:52:49] PHP Notice:  Undefined index:  current_controller_path in /home/haas/trax/trunk/trax/vendor/trax/action_view/helpers.php on line 49
[02-Apr-2006 18:52:49] PHP Notice:  Undefined index:  current_controller_name in /home/haas/trax/trunk/trax/vendor/trax/action_view/helpers.php on line 48
[02-Apr-2006 18:52:49] PHP Notice:  Undefined index:  current_controller_path in /home/haas/trax/trunk/trax/vendor/trax/action_view/helpers.php on line 49
[02-Apr-2006 18:52:49] PHP Notice:  Undefined index:  current_controller_name in /home/haas/trax/trunk/trax/vendor/trax/action_view/helpers.php on line 48
[02-Apr-2006 18:52:49] PHP Notice:  Undefined index:  current_controller_path in /home/haas/trax/trunk/trax/vendor/trax/action_view/helpers.php on line 49
[02-Apr-2006 18:52:49] PHP Notice:  Undefined index:  current_controller_name in /home/haas/trax/trunk/trax/vendor/trax/action_view/helpers.php on line 48
[02-Apr-2006 18:52:49] PHP Notice:  Undefined index:  current_controller_path in /home/haas/trax/trunk/trax/vendor/trax/action_view/helpers.php on line 49
[02-Apr-2006 18:52:49] PHP Notice:  Undefined index:  current_controller_name in /home/haas/trax/trunk/trax/vendor/trax/action_view/helpers.php on line 48
[02-Apr-2006 18:52:49] PHP Notice:  Undefined index:  current_controller_path in /home/haas/trax/trunk/trax/vendor/trax/action_view/helpers.php on line 49
[02-Apr-2006 18:52:49] PHP Notice:  Undefined index:  current_controller_name in /home/haas/trax/trunk/trax/vendor/trax/action_view/helpers.php on line 48
[02-Apr-2006 18:52:49] PHP Notice:  Undefined index:  current_controller_path in /home/haas/trax/trunk/trax/vendor/trax/action_view/helpers.php on line 49
[02-Apr-2006 18:52:49] PHP Notice:  Undefined index:  current_controller_name in /home/haas/trax/trunk/trax/vendor/trax/action_view/helpers.php on line 48
[02-Apr-2006 18:52:49] PHP Notice:  Undefined index:  current_controller_path in /home/haas/trax/trunk/trax/vendor/trax/action_view/helpers.php on line 49
[02-Apr-2006 18:52:49] PHP Notice:  Undefined index:  current_controller_name in /home/haas/trax/trunk/trax/vendor/trax/action_view/helpers.php on line 48
[02-Apr-2006 18:52:49] PHP Notice:  Undefined index:  current_controller_path in /home/haas/trax/trunk/trax/vendor/trax/action_view/helpers.php on line 49
[02-Apr-2006 18:52:49] PHP Notice:  Undefined index:  current_controller_name in /home/haas/trax/trunk/trax/vendor/trax/action_view/helpers.php on line 48
[02-Apr-2006 18:52:49] PHP Notice:  Undefined index:  current_controller_path in /home/haas/trax/trunk/trax/vendor/trax/action_view/helpers.php on line 49
[02-Apr-2006 18:52:49] PHP Notice:  Undefined index:  current_controller_name in /home/haas/trax/trunk/trax/vendor/trax/action_view/helpers.php on line 48
[02-Apr-2006 18:52:49] PHP Notice:  Undefined index:  current_controller_path in /home/haas/trax/trunk/trax/vendor/trax/action_view/helpers.php on line 49
[02-Apr-2006 18:52:49] PHP Notice:  Undefined index:  current_controller_name in /home/haas/trax/trunk/trax/vendor/trax/action_view/helpers.php on line 48
[02-Apr-2006 18:52:49] PHP Notice:  Undefined index:  current_controller_path in /home/haas/trax/trunk/trax/vendor/trax/action_view/helpers.php on line 49
[02-Apr-2006 18:52:49] PHP Notice:  Undefined index:  current_controller_name in /home/haas/trax/trunk/trax/vendor/trax/action_view/helpers.php on line 48
[02-Apr-2006 18:52:49] PHP Notice:  Undefined index:  current_controller_path in /home/haas/trax/trunk/trax/vendor/trax/action_view/helpers.php on line 49
[02-Apr-2006 18:52:49] PHP Notice:  Undefined index:  current_controller_name in /home/haas/trax/trunk/trax/vendor/trax/action_view/helpers.php on line 48
[02-Apr-2006 18:52:49] PHP Notice:  Undefined index:  current_controller_path in /home/haas/trax/trunk/trax/vendor/trax/action_view/helpers.php on line 49
[02-Apr-2006 18:52:49] PHP Notice:  Undefined index:  current_controller_name in /home/haas/trax/trunk/trax/vendor/trax/action_view/helpers.php on line 48
[02-Apr-2006 18:52:49] PHP Notice:  Undefined index:  current_controller_path in /home/haas/trax/trunk/trax/vendor/trax/action_view/helpers.php on line 49
[02-Apr-2006 18:52:49] PHP Notice:  Undefined index:  current_controller_name in /home/haas/trax/trunk/trax/vendor/trax/action_view/helpers.php on line 48
[02-Apr-2006 18:52:49] PHP Notice:  Undefined index:  current_controller_path in /home/haas/trax/trunk/trax/vendor/trax/action_view/helpers.php on line 49
[02-Apr-2006 18:52:49] PHP Notice:  Undefined index:  current_controller_name in /home/haas/trax/trunk/trax/vendor/trax/action_view/helpers.php on line 48
[02-Apr-2006 18:52:49] PHP Notice:  Undefined index:  current_controller_path in /home/haas/trax/trunk/trax/vendor/trax/action_view/helpers.php on line 49
[02-Apr-2006 18:52:49] PHP Notice:  Undefined variable: results in /home/haas/trax/trunk/trax/vendor/trax/action_view/helpers/active_record_helper.php on line 269
[02-Apr-2006 18:52:49] PHP Notice:  Undefined index:  current_controller_name in /home/haas/trax/trunk/trax/vendor/trax/action_view/helpers.php on line 48
[02-Apr-2006 18:52:49] PHP Notice:  Undefined index:  current_controller_path in /home/haas/trax/trunk/trax/vendor/trax/action_view/helpers.php on line 49
[02-Apr-2006 18:52:49] PHP Notice:  Undefined index:  current_controller_name in /home/haas/trax/trunk/trax/vendor/trax/action_view/helpers.php on line 48
[02-Apr-2006 18:52:49] PHP Notice:  Undefined index:  current_controller_path in /home/haas/trax/trunk/trax/vendor/trax/action_view/helpers.php on line 49
[02-Apr-2006 18:52:49] PHP Notice:  Undefined index:  current_controller_name in /home/haas/trax/trunk/trax/vendor/trax/action_view/helpers.php on line 48
[02-Apr-2006 18:52:49] PHP Notice:  Undefined index:  current_controller_path in /home/haas/trax/trunk/trax/vendor/trax/action_view/helpers.php on line 49
[02-Apr-2006 18:52:49] PHP Notice:  Undefined index:  current_controller_name in /home/haas/trax/trunk/trax/vendor/trax/action_view/helpers.php on line 48
[02-Apr-2006 18:52:49] PHP Notice:  Undefined index:  current_controller_path in /home/haas/trax/trunk/trax/vendor/trax/action_view/helpers.php on line 49
[02-Apr-2006 18:52:49] PHP Notice:  Undefined index:  current_controller_name in /home/haas/trax/trunk/trax/vendor/trax/action_view/helpers.php on line 48
[02-Apr-2006 18:52:49] PHP Notice:  Undefined index:  current_controller_path in /home/haas/trax/trunk/trax/vendor/trax/action_view/helpers.php on line 49
[02-Apr-2006 18:52:49] PHP Notice:  Undefined index:  current_controller_name in /home/haas/trax/trunk/trax/vendor/trax/action_view/helpers.php on line 48
[02-Apr-2006 18:52:49] PHP Notice:  Undefined index:  current_controller_path in /home/haas/trax/trunk/trax/vendor/trax/action_view/helpers.php on line 49
[02-Apr-2006 18:52:49] PHP Notice:  Undefined index:  current_controller_name in /home/haas/trax/trunk/trax/vendor/trax/action_view/helpers.php on line 48
[02-Apr-2006 18:52:49] PHP Notice:  Undefined index:  current_controller_path in /home/haas/trax/trunk/trax/vendor/trax/action_view/helpers.php on line 49
[02-Apr-2006 18:52:49] PHP Notice:  Undefined index:  current_controller_name in /home/haas/trax/trunk/trax/vendor/trax/action_view/helpers.php on line 48
[02-Apr-2006 18:52:49] PHP Notice:  Undefined index:  current_controller_path in /home/haas/trax/trunk/trax/vendor/trax/action_view/helpers.php on line 49
[02-Apr-2006 18:52:49] PHP Notice:  Undefined index:  current_controller_name in /home/haas/trax/trunk/trax/vendor/trax/action_view/helpers.php on line 48
[02-Apr-2006 18:52:49] PHP Notice:  Undefined index:  current_controller_path in /home/haas/trax/trunk/trax/vendor/trax/action_view/helpers.php on line 49
[02-Apr-2006 18:52:49] PHP Notice:  Undefined index:  current_controller_name in /home/haas/trax/trunk/trax/vendor/trax/action_view/helpers.php on line 48
[02-Apr-2006 18:52:49] PHP Notice:  Undefined index:  current_controller_path in /home/haas/trax/trunk/trax/vendor/trax/action_view/helpers.php on line 49
[02-Apr-2006 18:52:49] PHP Notice:  Undefined index:  current_controller_name in /home/haas/trax/trunk/trax/vendor/trax/action_view/helpers.php on line 48
[02-Apr-2006 18:52:49] PHP Notice:  Undefined index:  current_controller_path in /home/haas/trax/trunk/trax/vendor/trax/action_view/helpers.php on line 49
[02-Apr-2006 18:52:49] PHP Notice:  Undefined index:  current_controller_name in /home/haas/trax/trunk/trax/vendor/trax/action_view/helpers.php on line 48
[02-Apr-2006 18:52:49] PHP Notice:  Undefined index:  current_controller_path in /home/haas/trax/trunk/trax/vendor/trax/action_view/helpers.php on line 49
[02-Apr-2006 18:52:49] PHP Notice:  Undefined variable: results in /home/haas/trax/trunk/trax/vendor/trax/action_view/helpers/active_record_helper.php on line 269
[02-Apr-2006 18:52:49] PHP Notice:  Undefined index:  current_controller_name in /home/haas/trax/trunk/trax/vendor/trax/action_view/helpers.php on line 48
[02-Apr-2006 18:52:49] PHP Notice:  Undefined index:  current_controller_path in /home/haas/trax/trunk/trax/vendor/trax/action_view/helpers.php on line 49
[02-Apr-2006 18:52:49] PHP Notice:  Undefined index:  current_controller_name in /home/haas/trax/trunk/trax/vendor/trax/action_view/helpers.php on line 48
[02-Apr-2006 18:52:49] PHP Notice:  Undefined index:  current_controller_path in /home/haas/trax/trunk/trax/vendor/trax/action_view/helpers.php on line 49
[02-Apr-2006 18:52:49] PHP Notice:  Undefined index:  current_controller_name in /home/haas/trax/trunk/trax/vendor/trax/action_view/helpers.php on line 48
[02-Apr-2006 18:52:49] PHP Notice:  Undefined index:  current_controller_path in /home/haas/trax/trunk/trax/vendor/trax/action_view/helpers.php on line 49
[02-Apr-2006 18:52:49] PHP Notice:  Undefined index:  current_controller_name in /home/haas/trax/trunk/trax/vendor/trax/action_view/helpers.php on line 48
[02-Apr-2006 18:52:49] PHP Notice:  Undefined index:  current_controller_path in /home/haas/trax/trunk/trax/vendor/trax/action_view/helpers.php on line 49
[02-Apr-2006 18:52:49] PHP Notice:  Undefined index:  current_controller_name in /home/haas/trax/trunk/trax/vendor/trax/action_view/helpers.php on line 48
[02-Apr-2006 18:52:49] PHP Notice:  Undefined index:  current_controller_path in /home/haas/trax/trunk/trax/vendor/trax/action_view/helpers.php on line 49
[02-Apr-2006 19:02:51] PHP Notice:  Undefined index:  current_controller_name in /home/haas/trax/trunk/trax/vendor/trax/action_view/helpers.php on line 48
[02-Apr-2006 19:02:51] PHP Notice:  Undefined index:  current_controller_path in /home/haas/trax/trunk/trax/vendor/trax/action_view/helpers.php on line 49
[02-Apr-2006 19:02:51] PHP Notice:  Undefined index:  current_controller_name in /home/haas/trax/trunk/trax/vendor/trax/action_view/helpers.php on line 48
[02-Apr-2006 19:02:51] PHP Notice:  Undefined index:  current_controller_path in /home/haas/trax/trunk/trax/vendor/trax/action_view/helpers.php on line 49
[02-Apr-2006 19:02:51] PHP Notice:  Undefined variable: results in /home/haas/trax/trunk/trax/vendor/trax/action_view/helpers/active_record_helper.php on line 269
[02-Apr-2006 19:02:51] PHP Notice:  Undefined index:  current_controller_name in /home/haas/trax/trunk/trax/vendor/trax/action_view/helpers.php on line 48
[02-Apr-2006 19:02:51] PHP Notice:  Undefined index:  current_controller_path in /home/haas/trax/trunk/trax/vendor/trax/action_view/helpers.php on line 49
[02-Apr-2006 19:02:51] PHP Notice:  Undefined variable: results in /home/haas/trax/trunk/trax/vendor/trax/action_view/helpers/active_record_helper.php on line 269
[02-Apr-2006 19:02:51] PHP Notice:  Undefined index:  current_controller_name in /home/haas/trax/trunk/trax/vendor/trax/action_view/helpers.php on line 48
[02-Apr-2006 19:02:51] PHP Notice:  Undefined index:  current_controller_path in /home/haas/trax/trunk/trax/vendor/trax/action_view/helpers.php on line 49
[02-Apr-2006 19:02:51] PHP Notice:  Undefined index:  current_controller_name in /home/haas/trax/trunk/trax/vendor/trax/action_view/helpers.php on line 48
[02-Apr-2006 19:02:51] PHP Notice:  Undefined index:  current_controller_path in /home/haas/trax/trunk/trax/vendor/trax/action_view/helpers.php on line 49
[02-Apr-2006 19:02:51] PHP Notice:  Undefined index:  current_controller_name in /home/haas/trax/trunk/trax/vendor/trax/action_view/helpers.php on line 48
[02-Apr-2006 19:02:51] PHP Notice:  Undefined index:  current_controller_path in /home/haas/trax/trunk/trax/vendor/trax/action_view/helpers.php on line 49
[02-Apr-2006 19:02:51] PHP Notice:  Undefined index:  current_controller_name in /home/haas/trax/trunk/trax/vendor/trax/action_view/helpers.php on line 48
[02-Apr-2006 19:02:51] PHP Notice:  Undefined index:  current_controller_path in /home/haas/trax/trunk/trax/vendor/trax/action_view/helpers.php on line 49
[02-Apr-2006 19:02:51] PHP Notice:  Undefined index:  current_controller_name in /home/haas/trax/trunk/trax/vendor/trax/action_view/helpers.php on line 48
[02-Apr-2006 19:02:51] PHP Notice:  Undefined index:  current_controller_path in /home/haas/trax/trunk/trax/vendor/trax/action_view/helpers.php on line 49
[02-Apr-2006 19:02:51] PHP Notice:  Undefined index:  current_controller_name in /home/haas/trax/trunk/trax/vendor/trax/action_view/helpers.php on line 48
[02-Apr-2006 19:02:51] PHP Notice:  Undefined index:  current_controller_path in /home/haas/trax/trunk/trax/vendor/trax/action_view/helpers.php on line 49
[02-Apr-2006 19:02:51] PHP Notice:  Undefined index:  current_controller_name in /home/haas/trax/trunk/trax/vendor/trax/action_view/helpers.php on line 48
[02-Apr-2006 19:02:51] PHP Notice:  Undefined index:  current_controller_path in /home/haas/trax/trunk/trax/vendor/trax/action_view/helpers.php on line 49
[02-Apr-2006 19:02:51] PHP Notice:  Undefined index:  current_controller_name in /home/haas/trax/trunk/trax/vendor/trax/action_view/helpers.php on line 48
[02-Apr-2006 19:02:51] PHP Notice:  Undefined index:  current_controller_path in /home/haas/trax/trunk/trax/vendor/trax/action_view/helpers.php on line 49
[02-Apr-2006 19:02:51] PHP Notice:  Undefined index:  current_controller_name in /home/haas/trax/trunk/trax/vendor/trax/action_view/helpers.php on line 48
[02-Apr-2006 19:02:51] PHP Notice:  Undefined index:  current_controller_path in /home/haas/trax/trunk/trax/vendor/trax/action_view/helpers.php on line 49
[02-Apr-2006 19:02:51] PHP Notice:  Undefined index:  current_controller_name in /home/haas/trax/trunk/trax/vendor/trax/action_view/helpers.php on line 48
[02-Apr-2006 19:02:51] PHP Notice:  Undefined index:  current_controller_path in /home/haas/trax/trunk/trax/vendor/trax/action_view/helpers.php on line 49
[02-Apr-2006 19:02:51] PHP Notice:  Undefined index:  current_controller_name in /home/haas/trax/trunk/trax/vendor/trax/action_view/helpers.php on line 48
[02-Apr-2006 19:02:51] PHP Notice:  Undefined index:  current_controller_path in /home/haas/trax/trunk/trax/vendor/trax/action_view/helpers.php on line 49
[02-Apr-2006 19:02:51] PHP Notice:  Undefined index:  current_controller_name in /home/haas/trax/trunk/trax/vendor/trax/action_view/helpers.php on line 48
[02-Apr-2006 19:02:51] PHP Notice:  Undefined index:  current_controller_path in /home/haas/trax/trunk/trax/vendor/trax/action_view/helpers.php on line 49
[02-Apr-2006 19:02:51] PHP Notice:  Undefined index:  current_controller_name in /home/haas/trax/trunk/trax/vendor/trax/action_view/helpers.php on line 48
[02-Apr-2006 19:02:51] PHP Notice:  Undefined index:  current_controller_path in /home/haas/trax/trunk/trax/vendor/trax/action_view/helpers.php on line 49
[02-Apr-2006 19:02:51] PHP Notice:  Undefined index:  current_controller_name in /home/haas/trax/trunk/trax/vendor/trax/action_view/helpers.php on line 48
[02-Apr-2006 19:02:51] PHP Notice:  Undefined index:  current_controller_path in /home/haas/trax/trunk/trax/vendor/trax/action_view/helpers.php on line 49
[02-Apr-2006 19:02:51] PHP Notice:  Undefined index:  current_controller_name in /home/haas/trax/trunk/trax/vendor/trax/action_view/helpers.php on line 48
[02-Apr-2006 19:02:51] PHP Notice:  Undefined index:  current_controller_path in /home/haas/trax/trunk/trax/vendor/trax/action_view/helpers.php on line 49
[02-Apr-2006 19:02:51] PHP Notice:  Undefined index:  current_controller_name in /home/haas/trax/trunk/trax/vendor/trax/action_view/helpers.php on line 48
[02-Apr-2006 19:02:51] PHP Notice:  Undefined index:  current_controller_path in /home/haas/trax/trunk/trax/vendor/trax/action_view/helpers.php on line 49
[02-Apr-2006 19:02:51] PHP Notice:  Undefined index:  current_controller_name in /home/haas/trax/trunk/trax/vendor/trax/action_view/helpers.php on line 48
[02-Apr-2006 19:02:51] PHP Notice:  Undefined index:  current_controller_path in /home/haas/trax/trunk/trax/vendor/trax/action_view/helpers.php on line 49
[02-Apr-2006 19:02:51] PHP Notice:  Undefined index:  current_controller_name in /home/haas/trax/trunk/trax/vendor/trax/action_view/helpers.php on line 48
[02-Apr-2006 19:02:51] PHP Notice:  Undefined index:  current_controller_path in /home/haas/trax/trunk/trax/vendor/trax/action_view/helpers.php on line 49
[02-Apr-2006 19:02:51] PHP Notice:  Undefined index:  current_controller_name in /home/haas/trax/trunk/trax/vendor/trax/action_view/helpers.php on line 48
[02-Apr-2006 19:02:51] PHP Notice:  Undefined index:  current_controller_path in /home/haas/trax/trunk/trax/vendor/trax/action_view/helpers.php on line 49
[02-Apr-2006 19:02:51] PHP Notice:  Undefined index:  current_controller_name in /home/haas/trax/trunk/trax/vendor/trax/action_view/helpers.php on line 48
[02-Apr-2006 19:02:51] PHP Notice:  Undefined index:  current_controller_path in /home/haas/trax/trunk/trax/vendor/trax/action_view/helpers.php on line 49
[02-Apr-2006 19:02:51] PHP Notice:  Undefined index:  current_controller_name in /home/haas/trax/trunk/trax/vendor/trax/action_view/helpers.php on line 48
[02-Apr-2006 19:02:51] PHP Notice:  Undefined index:  current_controller_path in /home/haas/trax/trunk/trax/vendor/trax/action_view/helpers.php on line 49
[02-Apr-2006 19:02:51] PHP Notice:  Undefined variable: results in /home/haas/trax/trunk/trax/vendor/trax/action_view/helpers/active_record_helper.php on line 269
[02-Apr-2006 19:02:51] PHP Notice:  Undefined index:  current_controller_name in /home/haas/trax/trunk/trax/vendor/trax/action_view/helpers.php on line 48
[02-Apr-2006 19:02:51] PHP Notice:  Undefined index:  current_controller_path in /home/haas/trax/trunk/trax/vendor/trax/action_view/helpers.php on line 49
[02-Apr-2006 19:02:51] PHP Notice:  Undefined index:  current_controller_name in /home/haas/trax/trunk/trax/vendor/trax/action_view/helpers.php on line 48
[02-Apr-2006 19:02:51] PHP Notice:  Undefined index:  current_controller_path in /home/haas/trax/trunk/trax/vendor/trax/action_view/helpers.php on line 49
[02-Apr-2006 19:02:51] PHP Notice:  Undefined index:  current_controller_name in /home/haas/trax/trunk/trax/vendor/trax/action_view/helpers.php on line 48
[02-Apr-2006 19:02:51] PHP Notice:  Undefined index:  current_controller_path in /home/haas/trax/trunk/trax/vendor/trax/action_view/helpers.php on line 49
[02-Apr-2006 19:02:51] PHP Notice:  Undefined index:  current_controller_name in /home/haas/trax/trunk/trax/vendor/trax/action_view/helpers.php on line 48
[02-Apr-2006 19:02:51] PHP Notice:  Undefined index:  current_controller_path in /home/haas/trax/trunk/trax/vendor/trax/action_view/helpers.php on line 49
[02-Apr-2006 19:02:51] PHP Notice:  Undefined index:  current_controller_name in /home/haas/trax/trunk/trax/vendor/trax/action_view/helpers.php on line 48
[02-Apr-2006 19:02:51] PHP Notice:  Undefined index:  current_controller_path in /home/haas/trax/trunk/trax/vendor/trax/action_view/helpers.php on line 49
[02-Apr-2006 19:02:51] PHP Notice:  Undefined index:  current_controller_name in /home/haas/trax/trunk/trax/vendor/trax/action_view/helpers.php on line 48
[02-Apr-2006 19:02:51] PHP Notice:  Undefined index:  current_controller_path in /home/haas/trax/trunk/trax/vendor/trax/action_view/helpers.php on line 49
[02-Apr-2006 19:02:51] PHP Notice:  Undefined index:  current_controller_name in /home/haas/trax/trunk/trax/vendor/trax/action_view/helpers.php on line 48
[02-Apr-2006 19:02:51] PHP Notice:  Undefined index:  current_controller_path in /home/haas/trax/trunk/trax/vendor/trax/action_view/helpers.php on line 49
[02-Apr-2006 19:02:51] PHP Notice:  Undefined index:  current_controller_name in /home/haas/trax/trunk/trax/vendor/trax/action_view/helpers.php on line 48
[02-Apr-2006 19:02:51] PHP Notice:  Undefined index:  current_controller_path in /home/haas/trax/trunk/trax/vendor/trax/action_view/helpers.php on line 49
[02-Apr-2006 19:02:51] PHP Notice:  Undefined index:  current_controller_name in /home/haas/trax/trunk/trax/vendor/trax/action_view/helpers.php on line 48
[02-Apr-2006 19:02:51] PHP Notice:  Undefined index:  current_controller_path in /home/haas/trax/trunk/trax/vendor/trax/action_view/helpers.php on line 49
[02-Apr-2006 19:02:51] PHP Notice:  Undefined index:  current_controller_name in /home/haas/trax/trunk/trax/vendor/trax/action_view/helpers.php on line 48
[02-Apr-2006 19:02:51] PHP Notice:  Undefined index:  current_controller_path in /home/haas/trax/trunk/trax/vendor/trax/action_view/helpers.php on line 49
[02-Apr-2006 19:02:51] PHP Notice:  Undefined index:  current_controller_name in /home/haas/trax/trunk/trax/vendor/trax/action_view/helpers.php on line 48
[02-Apr-2006 19:02:51] PHP Notice:  Undefined index:  current_controller_path in /home/haas/trax/trunk/trax/vendor/trax/action_view/helpers.php on line 49
[02-Apr-2006 19:02:51] PHP Notice:  Undefined index:  current_controller_name in /home/haas/trax/trunk/trax/vendor/trax/action_view/helpers.php on line 48
[02-Apr-2006 19:02:51] PHP Notice:  Undefined index:  current_controller_path in /home/haas/trax/trunk/trax/vendor/trax/action_view/helpers.php on line 49
[02-Apr-2006 19:02:51] PHP Notice:  Undefined variable: results in /home/haas/trax/trunk/trax/vendor/trax/action_view/helpers/active_record_helper.php on line 269
[02-Apr-2006 19:02:51] PHP Notice:  Undefined index:  current_controller_name in /home/haas/trax/trunk/trax/vendor/trax/action_view/helpers.php on line 48
[02-Apr-2006 19:02:51] PHP Notice:  Undefined index:  current_controller_path in /home/haas/trax/trunk/trax/vendor/trax/action_view/helpers.php on line 49
[02-Apr-2006 19:02:51] PHP Notice:  Undefined index:  current_controller_name in /home/haas/trax/trunk/trax/vendor/trax/action_view/helpers.php on line 48
[02-Apr-2006 19:02:51] PHP Notice:  Undefined index:  current_controller_path in /home/haas/trax/trunk/trax/vendor/trax/action_view/helpers.php on line 49
[02-Apr-2006 19:02:51] PHP Notice:  Undefined index:  current_controller_name in /home/haas/trax/trunk/trax/vendor/trax/action_view/helpers.php on line 48
[02-Apr-2006 19:02:51] PHP Notice:  Undefined index:  current_controller_path in /home/haas/trax/trunk/trax/vendor/trax/action_view/helpers.php on line 49
[02-Apr-2006 19:02:51] PHP Notice:  Undefined index:  current_controller_name in /home/haas/trax/trunk/trax/vendor/trax/action_view/helpers.php on line 48
[02-Apr-2006 19:02:51] PHP Notice:  Undefined index:  current_controller_path in /home/haas/trax/trunk/trax/vendor/trax/action_view/helpers.php on line 49
[02-Apr-2006 19:02:51] PHP Notice:  Undefined index:  current_controller_name in /home/haas/trax/trunk/trax/vendor/trax/action_view/helpers.php on line 48
[02-Apr-2006 19:02:51] PHP Notice:  Undefined index:  current_controller_path in /home/haas/trax/trunk/trax/vendor/trax/action_view/helpers.php on line 49
[03-Apr-2006 09:31:30] PHP Notice:  Undefined index:  current_controller_name in /home/haas/trax/trunk/trax/vendor/trax/action_view/helpers.php on line 48
[03-Apr-2006 09:31:30] PHP Notice:  Undefined index:  current_controller_path in /home/haas/trax/trunk/trax/vendor/trax/action_view/helpers.php on line 49
[03-Apr-2006 09:31:30] PHP Notice:  Undefined index:  current_controller_name in /home/haas/trax/trunk/trax/vendor/trax/action_view/helpers.php on line 48
[03-Apr-2006 09:31:30] PHP Notice:  Undefined index:  current_controller_path in /home/haas/trax/trunk/trax/vendor/trax/action_view/helpers.php on line 49
[03-Apr-2006 09:31:30] PHP Notice:  Undefined variable: results in /home/haas/trax/trunk/trax/vendor/trax/action_view/helpers/active_record_helper.php on line 269
[03-Apr-2006 09:31:30] PHP Notice:  Undefined index:  current_controller_name in /home/haas/trax/trunk/trax/vendor/trax/action_view/helpers.php on line 48
[03-Apr-2006 09:31:30] PHP Notice:  Undefined index:  current_controller_path in /home/haas/trax/trunk/trax/vendor/trax/action_view/helpers.php on line 49
[03-Apr-2006 09:31:30] PHP Notice:  Undefined variable: results in /home/haas/trax/trunk/trax/vendor/trax/action_view/helpers/active_record_helper.php on line 269
[03-Apr-2006 09:31:30] PHP Notice:  Undefined index:  current_controller_name in /home/haas/trax/trunk/trax/vendor/trax/action_view/helpers.php on line 48
[03-Apr-2006 09:31:30] PHP Notice:  Undefined index:  current_controller_path in /home/haas/trax/trunk/trax/vendor/trax/action_view/helpers.php on line 49
[03-Apr-2006 09:31:30] PHP Notice:  Undefined index:  current_controller_name in /home/haas/trax/trunk/trax/vendor/trax/action_view/helpers.php on line 48
[03-Apr-2006 09:31:30] PHP Notice:  Undefined index:  current_controller_path in /home/haas/trax/trunk/trax/vendor/trax/action_view/helpers.php on line 49
[03-Apr-2006 09:31:30] PHP Notice:  Undefined index:  current_controller_name in /home/haas/trax/trunk/trax/vendor/trax/action_view/helpers.php on line 48
[03-Apr-2006 09:31:30] PHP Notice:  Undefined index:  current_controller_path in /home/haas/trax/trunk/trax/vendor/trax/action_view/helpers.php on line 49
[03-Apr-2006 09:31:30] PHP Notice:  Undefined index:  current_controller_name in /home/haas/trax/trunk/trax/vendor/trax/action_view/helpers.php on line 48
[03-Apr-2006 09:31:30] PHP Notice:  Undefined index:  current_controller_path in /home/haas/trax/trunk/trax/vendor/trax/action_view/helpers.php on line 49
[03-Apr-2006 09:31:30] PHP Notice:  Undefined index:  current_controller_name in /home/haas/trax/trunk/trax/vendor/trax/action_view/helpers.php on line 48
[03-Apr-2006 09:31:30] PHP Notice:  Undefined index:  current_controller_path in /home/haas/trax/trunk/trax/vendor/trax/action_view/helpers.php on line 49
[03-Apr-2006 09:31:30] PHP Notice:  Undefined index:  current_controller_name in /home/haas/trax/trunk/trax/vendor/trax/action_view/helpers.php on line 48
[03-Apr-2006 09:31:30] PHP Notice:  Undefined index:  current_controller_path in /home/haas/trax/trunk/trax/vendor/trax/action_view/helpers.php on line 49
[03-Apr-2006 09:31:30] PHP Notice:  Undefined index:  current_controller_name in /home/haas/trax/trunk/trax/vendor/trax/action_view/helpers.php on line 48
[03-Apr-2006 09:31:30] PHP Notice:  Undefined index:  current_controller_path in /home/haas/trax/trunk/trax/vendor/trax/action_view/helpers.php on line 49
[03-Apr-2006 09:31:30] PHP Notice:  Undefined index:  current_controller_name in /home/haas/trax/trunk/trax/vendor/trax/action_view/helpers.php on line 48
[03-Apr-2006 09:31:30] PHP Notice:  Undefined index:  current_controller_path in /home/haas/trax/trunk/trax/vendor/trax/action_view/helpers.php on line 49
[03-Apr-2006 09:31:30] PHP Notice:  Undefined index:  current_controller_name in /home/haas/trax/trunk/trax/vendor/trax/action_view/helpers.php on line 48
[03-Apr-2006 09:31:30] PHP Notice:  Undefined index:  current_controller_path in /home/haas/trax/trunk/trax/vendor/trax/action_view/helpers.php on line 49
[03-Apr-2006 09:31:30] PHP Notice:  Undefined index:  current_controller_name in /home/haas/trax/trunk/trax/vendor/trax/action_view/helpers.php on line 48
[03-Apr-2006 09:31:30] PHP Notice:  Undefined index:  current_controller_path in /home/haas/trax/trunk/trax/vendor/trax/action_view/helpers.php on line 49
[03-Apr-2006 09:31:30] PHP Notice:  Undefined index:  current_controller_name in /home/haas/trax/trunk/trax/vendor/trax/action_view/helpers.php on line 48
[03-Apr-2006 09:31:30] PHP Notice:  Undefined index:  current_controller_path in /home/haas/trax/trunk/trax/vendor/trax/action_view/helpers.php on line 49
[03-Apr-2006 09:31:30] PHP Notice:  Undefined index:  current_controller_name in /home/haas/trax/trunk/trax/vendor/trax/action_view/helpers.php on line 48
[03-Apr-2006 09:31:30] PHP Notice:  Undefined index:  current_controller_path in /home/haas/trax/trunk/trax/vendor/trax/action_view/helpers.php on line 49
[03-Apr-2006 09:31:30] PHP Notice:  Undefined index:  current_controller_name in /home/haas/trax/trunk/trax/vendor/trax/action_view/helpers.php on line 48
[03-Apr-2006 09:31:30] PHP Notice:  Undefined index:  current_controller_path in /home/haas/trax/trunk/trax/vendor/trax/action_view/helpers.php on line 49
[03-Apr-2006 09:31:30] PHP Notice:  Undefined index:  current_controller_name in /home/haas/trax/trunk/trax/vendor/trax/action_view/helpers.php on line 48
[03-Apr-2006 09:31:30] PHP Notice:  Undefined index:  current_controller_path in /home/haas/trax/trunk/trax/vendor/trax/action_view/helpers.php on line 49
[03-Apr-2006 09:31:30] PHP Notice:  Undefined index:  current_controller_name in /home/haas/trax/trunk/trax/vendor/trax/action_view/helpers.php on line 48
[03-Apr-2006 09:31:30] PHP Notice:  Undefined index:  current_controller_path in /home/haas/trax/trunk/trax/vendor/trax/action_view/helpers.php on line 49
[03-Apr-2006 09:31:30] PHP Notice:  Undefined index:  current_controller_name in /home/haas/trax/trunk/trax/vendor/trax/action_view/helpers.php on line 48
[03-Apr-2006 09:31:30] PHP Notice:  Undefined index:  current_controller_path in /home/haas/trax/trunk/trax/vendor/trax/action_view/helpers.php on line 49
[03-Apr-2006 09:31:30] PHP Notice:  Undefined index:  current_controller_name in /home/haas/trax/trunk/trax/vendor/trax/action_view/helpers.php on line 48
[03-Apr-2006 09:31:30] PHP Notice:  Undefined index:  current_controller_path in /home/haas/trax/trunk/trax/vendor/trax/action_view/helpers.php on line 49
[03-Apr-2006 09:31:30] PHP Notice:  Undefined index:  current_controller_name in /home/haas/trax/trunk/trax/vendor/trax/action_view/helpers.php on line 48
[03-Apr-2006 09:31:30] PHP Notice:  Undefined index:  current_controller_path in /home/haas/trax/trunk/trax/vendor/trax/action_view/helpers.php on line 49
[03-Apr-2006 09:31:30] PHP Notice:  Undefined index:  current_controller_name in /home/haas/trax/trunk/trax/vendor/trax/action_view/helpers.php on line 48
[03-Apr-2006 09:31:30] PHP Notice:  Undefined index:  current_controller_path in /home/haas/trax/trunk/trax/vendor/trax/action_view/helpers.php on line 49
[03-Apr-2006 09:31:30] PHP Notice:  Undefined index:  current_controller_name in /home/haas/trax/trunk/trax/vendor/trax/action_view/helpers.php on line 48
[03-Apr-2006 09:31:30] PHP Notice:  Undefined index:  current_controller_path in /home/haas/trax/trunk/trax/vendor/trax/action_view/helpers.php on line 49
[03-Apr-2006 09:31:30] PHP Notice:  Undefined index:  current_controller_name in /home/haas/trax/trunk/trax/vendor/trax/action_view/helpers.php on line 48
[03-Apr-2006 09:31:30] PHP Notice:  Undefined index:  current_controller_path in /home/haas/trax/trunk/trax/vendor/trax/action_view/helpers.php on line 49
[03-Apr-2006 09:31:30] PHP Notice:  Undefined variable: results in /home/haas/trax/trunk/trax/vendor/trax/action_view/helpers/active_record_helper.php on line 269
[03-Apr-2006 09:31:30] PHP Notice:  Undefined index:  current_controller_name in /home/haas/trax/trunk/trax/vendor/trax/action_view/helpers.php on line 48
[03-Apr-2006 09:31:30] PHP Notice:  Undefined index:  current_controller_path in /home/haas/trax/trunk/trax/vendor/trax/action_view/helpers.php on line 49
[03-Apr-2006 09:31:30] PHP Notice:  Undefined index:  current_controller_name in /home/haas/trax/trunk/trax/vendor/trax/action_view/helpers.php on line 48
[03-Apr-2006 09:31:30] PHP Notice:  Undefined index:  current_controller_path in /home/haas/trax/trunk/trax/vendor/trax/action_view/helpers.php on line 49
[03-Apr-2006 09:31:30] PHP Notice:  Undefined index:  current_controller_name in /home/haas/trax/trunk/trax/vendor/trax/action_view/helpers.php on line 48
[03-Apr-2006 09:31:30] PHP Notice:  Undefined index:  current_controller_path in /home/haas/trax/trunk/trax/vendor/trax/action_view/helpers.php on line 49
[03-Apr-2006 09:31:30] PHP Notice:  Undefined index:  current_controller_name in /home/haas/trax/trunk/trax/vendor/trax/action_view/helpers.php on line 48
[03-Apr-2006 09:31:30] PHP Notice:  Undefined index:  current_controller_path in /home/haas/trax/trunk/trax/vendor/trax/action_view/helpers.php on line 49
[03-Apr-2006 09:31:30] PHP Notice:  Undefined index:  current_controller_name in /home/haas/trax/trunk/trax/vendor/trax/action_view/helpers.php on line 48
[03-Apr-2006 09:31:30] PHP Notice:  Undefined index:  current_controller_path in /home/haas/trax/trunk/trax/vendor/trax/action_view/helpers.php on line 49
[03-Apr-2006 09:31:30] PHP Notice:  Undefined index:  current_controller_name in /home/haas/trax/trunk/trax/vendor/trax/action_view/helpers.php on line 48
[03-Apr-2006 09:31:30] PHP Notice:  Undefined index:  current_controller_path in /home/haas/trax/trunk/trax/vendor/trax/action_view/helpers.php on line 49
[03-Apr-2006 09:31:30] PHP Notice:  Undefined index:  current_controller_name in /home/haas/trax/trunk/trax/vendor/trax/action_view/helpers.php on line 48
[03-Apr-2006 09:31:30] PHP Notice:  Undefined index:  current_controller_path in /home/haas/trax/trunk/trax/vendor/trax/action_view/helpers.php on line 49
[03-Apr-2006 09:31:30] PHP Notice:  Undefined index:  current_controller_name in /home/haas/trax/trunk/trax/vendor/trax/action_view/helpers.php on line 48
[03-Apr-2006 09:31:30] PHP Notice:  Undefined index:  current_controller_path in /home/haas/trax/trunk/trax/vendor/trax/action_view/helpers.php on line 49
[03-Apr-2006 09:31:30] PHP Notice:  Undefined index:  current_controller_name in /home/haas/trax/trunk/trax/vendor/trax/action_view/helpers.php on line 48
[03-Apr-2006 09:31:30] PHP Notice:  Undefined index:  current_controller_path in /home/haas/trax/trunk/trax/vendor/trax/action_view/helpers.php on line 49
[03-Apr-2006 09:31:30] PHP Notice:  Undefined index:  current_controller_name in /home/haas/trax/trunk/trax/vendor/trax/action_view/helpers.php on line 48
[03-Apr-2006 09:31:30] PHP Notice:  Undefined index:  current_controller_path in /home/haas/trax/trunk/trax/vendor/trax/action_view/helpers.php on line 49
[03-Apr-2006 09:31:30] PHP Notice:  Undefined index:  current_controller_name in /home/haas/trax/trunk/trax/vendor/trax/action_view/helpers.php on line 48
[03-Apr-2006 09:31:30] PHP Notice:  Undefined index:  current_controller_path in /home/haas/trax/trunk/trax/vendor/trax/action_view/helpers.php on line 49
[03-Apr-2006 09:31:30] PHP Notice:  Undefined index:  current_controller_name in /home/haas/trax/trunk/trax/vendor/trax/action_view/helpers.php on line 48
[03-Apr-2006 09:31:30] PHP Notice:  Undefined index:  current_controller_path in /home/haas/trax/trunk/trax/vendor/trax/action_view/helpers.php on line 49
[03-Apr-2006 09:31:30] PHP Notice:  Undefined variable: results in /home/haas/trax/trunk/trax/vendor/trax/action_view/helpers/active_record_helper.php on line 269
[03-Apr-2006 09:31:30] PHP Notice:  Undefined index:  current_controller_name in /home/haas/trax/trunk/trax/vendor/trax/action_view/helpers.php on line 48
[03-Apr-2006 09:31:30] PHP Notice:  Undefined index:  current_controller_path in /home/haas/trax/trunk/trax/vendor/trax/action_view/helpers.php on line 49
[03-Apr-2006 09:31:30] PHP Notice:  Undefined index:  current_controller_name in /home/haas/trax/trunk/trax/vendor/trax/action_view/helpers.php on line 48
[03-Apr-2006 09:31:30] PHP Notice:  Undefined index:  current_controller_path in /home/haas/trax/trunk/trax/vendor/trax/action_view/helpers.php on line 49
[03-Apr-2006 09:31:30] PHP Notice:  Undefined index:  current_controller_name in /home/haas/trax/trunk/trax/vendor/trax/action_view/helpers.php on line 48
[03-Apr-2006 09:31:30] PHP Notice:  Undefined index:  current_controller_path in /home/haas/trax/trunk/trax/vendor/trax/action_view/helpers.php on line 49
[03-Apr-2006 09:31:30] PHP Notice:  Undefined index:  current_controller_name in /home/haas/trax/trunk/trax/vendor/trax/action_view/helpers.php on line 48
[03-Apr-2006 09:31:30] PHP Notice:  Undefined index:  current_controller_path in /home/haas/trax/trunk/trax/vendor/trax/action_view/helpers.php on line 49
[03-Apr-2006 09:31:30] PHP Notice:  Undefined index:  current_controller_name in /home/haas/trax/trunk/trax/vendor/trax/action_view/helpers.php on line 48
[03-Apr-2006 09:31:30] PHP Notice:  Undefined index:  current_controller_path in /home/haas/trax/trunk/trax/vendor/trax/action_view/helpers.php on line 49
[03-Apr-2006 09:32:06] PHP Notice:  Undefined index:  current_controller_name in /home/haas/trax/trunk/trax/vendor/trax/action_view/helpers.php on line 48
[03-Apr-2006 09:32:06] PHP Notice:  Undefined index:  current_controller_path in /home/haas/trax/trunk/trax/vendor/trax/action_view/helpers.php on line 49
[03-Apr-2006 09:32:06] PHP Notice:  Undefined index:  current_controller_name in /home/haas/trax/trunk/trax/vendor/trax/action_view/helpers.php on line 48
[03-Apr-2006 09:32:06] PHP Notice:  Undefined index:  current_controller_path in /home/haas/trax/trunk/trax/vendor/trax/action_view/helpers.php on line 49
[03-Apr-2006 09:32:06] PHP Notice:  Undefined variable: results in /home/haas/trax/trunk/trax/vendor/trax/action_view/helpers/active_record_helper.php on line 269
[03-Apr-2006 09:32:06] PHP Notice:  Undefined index:  current_controller_name in /home/haas/trax/trunk/trax/vendor/trax/action_view/helpers.php on line 48
[03-Apr-2006 09:32:06] PHP Notice:  Undefined index:  current_controller_path in /home/haas/trax/trunk/trax/vendor/trax/action_view/helpers.php on line 49
[03-Apr-2006 09:32:06] PHP Notice:  Undefined variable: results in /home/haas/trax/trunk/trax/vendor/trax/action_view/helpers/active_record_helper.php on line 269
[03-Apr-2006 09:32:06] PHP Notice:  Undefined index:  current_controller_name in /home/haas/trax/trunk/trax/vendor/trax/action_view/helpers.php on line 48
[03-Apr-2006 09:32:06] PHP Notice:  Undefined index:  current_controller_path in /home/haas/trax/trunk/trax/vendor/trax/action_view/helpers.php on line 49
[03-Apr-2006 09:32:06] PHP Notice:  Undefined index:  current_controller_name in /home/haas/trax/trunk/trax/vendor/trax/action_view/helpers.php on line 48
[03-Apr-2006 09:32:06] PHP Notice:  Undefined index:  current_controller_path in /home/haas/trax/trunk/trax/vendor/trax/action_view/helpers.php on line 49
[03-Apr-2006 09:32:06] PHP Notice:  Undefined index:  current_controller_name in /home/haas/trax/trunk/trax/vendor/trax/action_view/helpers.php on line 48
[03-Apr-2006 09:32:06] PHP Notice:  Undefined index:  current_controller_path in /home/haas/trax/trunk/trax/vendor/trax/action_view/helpers.php on line 49
[03-Apr-2006 09:32:06] PHP Notice:  Undefined index:  current_controller_name in /home/haas/trax/trunk/trax/vendor/trax/action_view/helpers.php on line 48
[03-Apr-2006 09:32:06] PHP Notice:  Undefined index:  current_controller_path in /home/haas/trax/trunk/trax/vendor/trax/action_view/helpers.php on line 49
[03-Apr-2006 09:32:06] PHP Notice:  Undefined index:  current_controller_name in /home/haas/trax/trunk/trax/vendor/trax/action_view/helpers.php on line 48
[03-Apr-2006 09:32:06] PHP Notice:  Undefined index:  current_controller_path in /home/haas/trax/trunk/trax/vendor/trax/action_view/helpers.php on line 49
[03-Apr-2006 09:32:06] PHP Notice:  Undefined index:  current_controller_name in /home/haas/trax/trunk/trax/vendor/trax/action_view/helpers.php on line 48
[03-Apr-2006 09:32:06] PHP Notice:  Undefined index:  current_controller_path in /home/haas/trax/trunk/trax/vendor/trax/action_view/helpers.php on line 49
[03-Apr-2006 09:32:06] PHP Notice:  Undefined index:  current_controller_name in /home/haas/trax/trunk/trax/vendor/trax/action_view/helpers.php on line 48
[03-Apr-2006 09:32:06] PHP Notice:  Undefined index:  current_controller_path in /home/haas/trax/trunk/trax/vendor/trax/action_view/helpers.php on line 49
[03-Apr-2006 09:32:06] PHP Notice:  Undefined index:  current_controller_name in /home/haas/trax/trunk/trax/vendor/trax/action_view/helpers.php on line 48
[03-Apr-2006 09:32:06] PHP Notice:  Undefined index:  current_controller_path in /home/haas/trax/trunk/trax/vendor/trax/action_view/helpers.php on line 49
[03-Apr-2006 09:32:06] PHP Notice:  Undefined index:  current_controller_name in /home/haas/trax/trunk/trax/vendor/trax/action_view/helpers.php on line 48
[03-Apr-2006 09:32:06] PHP Notice:  Undefined index:  current_controller_path in /home/haas/trax/trunk/trax/vendor/trax/action_view/helpers.php on line 49
[03-Apr-2006 09:32:06] PHP Notice:  Undefined index:  current_controller_name in /home/haas/trax/trunk/trax/vendor/trax/action_view/helpers.php on line 48
[03-Apr-2006 09:32:06] PHP Notice:  Undefined index:  current_controller_path in /home/haas/trax/trunk/trax/vendor/trax/action_view/helpers.php on line 49
[03-Apr-2006 09:32:06] PHP Notice:  Undefined index:  current_controller_name in /home/haas/trax/trunk/trax/vendor/trax/action_view/helpers.php on line 48
[03-Apr-2006 09:32:06] PHP Notice:  Undefined index:  current_controller_path in /home/haas/trax/trunk/trax/vendor/trax/action_view/helpers.php on line 49
[03-Apr-2006 09:32:06] PHP Notice:  Undefined index:  current_controller_name in /home/haas/trax/trunk/trax/vendor/trax/action_view/helpers.php on line 48
[03-Apr-2006 09:32:06] PHP Notice:  Undefined index:  current_controller_path in /home/haas/trax/trunk/trax/vendor/trax/action_view/helpers.php on line 49
[03-Apr-2006 09:32:06] PHP Notice:  Undefined index:  current_controller_name in /home/haas/trax/trunk/trax/vendor/trax/action_view/helpers.php on line 48
[03-Apr-2006 09:32:06] PHP Notice:  Undefined index:  current_controller_path in /home/haas/trax/trunk/trax/vendor/trax/action_view/helpers.php on line 49
[03-Apr-2006 09:32:06] PHP Notice:  Undefined index:  current_controller_name in /home/haas/trax/trunk/trax/vendor/trax/action_view/helpers.php on line 48
[03-Apr-2006 09:32:06] PHP Notice:  Undefined index:  current_controller_path in /home/haas/trax/trunk/trax/vendor/trax/action_view/helpers.php on line 49
[03-Apr-2006 09:32:06] PHP Notice:  Undefined index:  current_controller_name in /home/haas/trax/trunk/trax/vendor/trax/action_view/helpers.php on line 48
[03-Apr-2006 09:32:06] PHP Notice:  Undefined index:  current_controller_path in /home/haas/trax/trunk/trax/vendor/trax/action_view/helpers.php on line 49
[03-Apr-2006 09:32:06] PHP Notice:  Undefined index:  current_controller_name in /home/haas/trax/trunk/trax/vendor/trax/action_view/helpers.php on line 48
[03-Apr-2006 09:32:06] PHP Notice:  Undefined index:  current_controller_path in /home/haas/trax/trunk/trax/vendor/trax/action_view/helpers.php on line 49
[03-Apr-2006 09:32:06] PHP Notice:  Undefined index:  current_controller_name in /home/haas/trax/trunk/trax/vendor/trax/action_view/helpers.php on line 48
[03-Apr-2006 09:32:06] PHP Notice:  Undefined index:  current_controller_path in /home/haas/trax/trunk/trax/vendor/trax/action_view/helpers.php on line 49
[03-Apr-2006 09:32:06] PHP Notice:  Undefined index:  current_controller_name in /home/haas/trax/trunk/trax/vendor/trax/action_view/helpers.php on line 48
[03-Apr-2006 09:32:06] PHP Notice:  Undefined index:  current_controller_path in /home/haas/trax/trunk/trax/vendor/trax/action_view/helpers.php on line 49
[03-Apr-2006 09:32:06] PHP Notice:  Undefined index:  current_controller_name in /home/haas/trax/trunk/trax/vendor/trax/action_view/helpers.php on line 48
[03-Apr-2006 09:32:06] PHP Notice:  Undefined index:  current_controller_path in /home/haas/trax/trunk/trax/vendor/trax/action_view/helpers.php on line 49
[03-Apr-2006 09:32:06] PHP Notice:  Undefined index:  current_controller_name in /home/haas/trax/trunk/trax/vendor/trax/action_view/helpers.php on line 48
[03-Apr-2006 09:32:06] PHP Notice:  Undefined index:  current_controller_path in /home/haas/trax/trunk/trax/vendor/trax/action_view/helpers.php on line 49
[03-Apr-2006 09:32:06] PHP Notice:  Undefined index:  current_controller_name in /home/haas/trax/trunk/trax/vendor/trax/action_view/helpers.php on line 48
[03-Apr-2006 09:32:06] PHP Notice:  Undefined index:  current_controller_path in /home/haas/trax/trunk/trax/vendor/trax/action_view/helpers.php on line 49
[03-Apr-2006 09:32:06] PHP Notice:  Undefined variable: results in /home/haas/trax/trunk/trax/vendor/trax/action_view/helpers/active_record_helper.php on line 269
[03-Apr-2006 09:32:06] PHP Notice:  Undefined index:  current_controller_name in /home/haas/trax/trunk/trax/vendor/trax/action_view/helpers.php on line 48
[03-Apr-2006 09:32:06] PHP Notice:  Undefined index:  current_controller_path in /home/haas/trax/trunk/trax/vendor/trax/action_view/helpers.php on line 49
[03-Apr-2006 09:32:06] PHP Notice:  Undefined index:  current_controller_name in /home/haas/trax/trunk/trax/vendor/trax/action_view/helpers.php on line 48
[03-Apr-2006 09:32:06] PHP Notice:  Undefined index:  current_controller_path in /home/haas/trax/trunk/trax/vendor/trax/action_view/helpers.php on line 49
[03-Apr-2006 09:32:06] PHP Notice:  Undefined index:  current_controller_name in /home/haas/trax/trunk/trax/vendor/trax/action_view/helpers.php on line 48
[03-Apr-2006 09:32:06] PHP Notice:  Undefined index:  current_controller_path in /home/haas/trax/trunk/trax/vendor/trax/action_view/helpers.php on line 49
[03-Apr-2006 09:32:06] PHP Notice:  Undefined index:  current_controller_name in /home/haas/trax/trunk/trax/vendor/trax/action_view/helpers.php on line 48
[03-Apr-2006 09:32:06] PHP Notice:  Undefined index:  current_controller_path in /home/haas/trax/trunk/trax/vendor/trax/action_view/helpers.php on line 49
[03-Apr-2006 09:32:06] PHP Notice:  Undefined index:  current_controller_name in /home/haas/trax/trunk/trax/vendor/trax/action_view/helpers.php on line 48
[03-Apr-2006 09:32:06] PHP Notice:  Undefined index:  current_controller_path in /home/haas/trax/trunk/trax/vendor/trax/action_view/helpers.php on line 49
[03-Apr-2006 09:32:06] PHP Notice:  Undefined index:  current_controller_name in /home/haas/trax/trunk/trax/vendor/trax/action_view/helpers.php on line 48
[03-Apr-2006 09:32:06] PHP Notice:  Undefined index:  current_controller_path in /home/haas/trax/trunk/trax/vendor/trax/action_view/helpers.php on line 49
[03-Apr-2006 09:32:06] PHP Notice:  Undefined index:  current_controller_name in /home/haas/trax/trunk/trax/vendor/trax/action_view/helpers.php on line 48
[03-Apr-2006 09:32:06] PHP Notice:  Undefined index:  current_controller_path in /home/haas/trax/trunk/trax/vendor/trax/action_view/helpers.php on line 49
[03-Apr-2006 09:32:06] PHP Notice:  Undefined index:  current_controller_name in /home/haas/trax/trunk/trax/vendor/trax/action_view/helpers.php on line 48
[03-Apr-2006 09:32:06] PHP Notice:  Undefined index:  current_controller_path in /home/haas/trax/trunk/trax/vendor/trax/action_view/helpers.php on line 49
[03-Apr-2006 09:32:06] PHP Notice:  Undefined index:  current_controller_name in /home/haas/trax/trunk/trax/vendor/trax/action_view/helpers.php on line 48
[03-Apr-2006 09:32:06] PHP Notice:  Undefined index:  current_controller_path in /home/haas/trax/trunk/trax/vendor/trax/action_view/helpers.php on line 49
[03-Apr-2006 09:32:06] PHP Notice:  Undefined index:  current_controller_name in /home/haas/trax/trunk/trax/vendor/trax/action_view/helpers.php on line 48
[03-Apr-2006 09:32:06] PHP Notice:  Undefined index:  current_controller_path in /home/haas/trax/trunk/trax/vendor/trax/action_view/helpers.php on line 49
[03-Apr-2006 09:32:06] PHP Notice:  Undefined index:  current_controller_name in /home/haas/trax/trunk/trax/vendor/trax/action_view/helpers.php on line 48
[03-Apr-2006 09:32:06] PHP Notice:  Undefined index:  current_controller_path in /home/haas/trax/trunk/trax/vendor/trax/action_view/helpers.php on line 49
[03-Apr-2006 09:32:06] PHP Notice:  Undefined index:  current_controller_name in /home/haas/trax/trunk/trax/vendor/trax/action_view/helpers.php on line 48
[03-Apr-2006 09:32:06] PHP Notice:  Undefined index:  current_controller_path in /home/haas/trax/trunk/trax/vendor/trax/action_view/helpers.php on line 49
[03-Apr-2006 09:32:06] PHP Notice:  Undefined variable: results in /home/haas/trax/trunk/trax/vendor/trax/action_view/helpers/active_record_helper.php on line 269
[03-Apr-2006 09:32:06] PHP Notice:  Undefined index:  current_controller_name in /home/haas/trax/trunk/trax/vendor/trax/action_view/helpers.php on line 48
[03-Apr-2006 09:32:06] PHP Notice:  Undefined index:  current_controller_path in /home/haas/trax/trunk/trax/vendor/trax/action_view/helpers.php on line 49
[03-Apr-2006 09:32:06] PHP Notice:  Undefined index:  current_controller_name in /home/haas/trax/trunk/trax/vendor/trax/action_view/helpers.php on line 48
[03-Apr-2006 09:32:06] PHP Notice:  Undefined index:  current_controller_path in /home/haas/trax/trunk/trax/vendor/trax/action_view/helpers.php on line 49
[03-Apr-2006 09:32:06] PHP Notice:  Undefined index:  current_controller_name in /home/haas/trax/trunk/trax/vendor/trax/action_view/helpers.php on line 48
[03-Apr-2006 09:32:06] PHP Notice:  Undefined index:  current_controller_path in /home/haas/trax/trunk/trax/vendor/trax/action_view/helpers.php on line 49
[03-Apr-2006 09:32:06] PHP Notice:  Undefined index:  current_controller_name in /home/haas/trax/trunk/trax/vendor/trax/action_view/helpers.php on line 48
[03-Apr-2006 09:32:06] PHP Notice:  Undefined index:  current_controller_path in /home/haas/trax/trunk/trax/vendor/trax/action_view/helpers.php on line 49
[03-Apr-2006 09:32:06] PHP Notice:  Undefined index:  current_controller_name in /home/haas/trax/trunk/trax/vendor/trax/action_view/helpers.php on line 48
[03-Apr-2006 09:32:06] PHP Notice:  Undefined index:  current_controller_path in /home/haas/trax/trunk/trax/vendor/trax/action_view/helpers.php on line 49
[03-Apr-2006 09:39:15] PHP Notice:  Undefined variable: results in /home/haas/trax/trunk/trax/vendor/trax/action_view/helpers/active_record_helper.php on line 269
[03-Apr-2006 09:39:15] PHP Notice:  Undefined variable: results in /home/haas/trax/trunk/trax/vendor/trax/action_view/helpers/active_record_helper.php on line 269
[03-Apr-2006 09:39:15] PHP Notice:  Undefined variable: results in /home/haas/trax/trunk/trax/vendor/trax/action_view/helpers/active_record_helper.php on line 269
[03-Apr-2006 09:39:15] PHP Notice:  Undefined variable: results in /home/haas/trax/trunk/trax/vendor/trax/action_view/helpers/active_record_helper.php on line 269
[03-Apr-2006 11:18:13] PHP Notice:  Undefined variable: results in /home/haas/trax/trunk/trax/vendor/trax/action_view/helpers/active_record_helper.php on line 270
[03-Apr-2006 11:18:13] PHP Notice:  Undefined variable: results in /home/haas/trax/trunk/trax/vendor/trax/action_view/helpers/active_record_helper.php on line 270
[03-Apr-2006 11:18:13] PHP Notice:  Undefined variable: results in /home/haas/trax/trunk/trax/vendor/trax/action_view/helpers/active_record_helper.php on line 270
[03-Apr-2006 11:18:13] PHP Notice:  Undefined variable: results in /home/haas/trax/trunk/trax/vendor/trax/action_view/helpers/active_record_helper.php on line 270
[03-Apr-2006 11:19:33] PHP Notice:  Undefined variable: results in /home/haas/trax/trunk/trax/vendor/trax/action_view/helpers/active_record_helper.php on line 272
[03-Apr-2006 11:19:33] PHP Notice:  Undefined variable: results in /home/haas/trax/trunk/trax/vendor/trax/action_view/helpers/active_record_helper.php on line 272
[03-Apr-2006 11:19:33] PHP Notice:  Undefined variable: results in /home/haas/trax/trunk/trax/vendor/trax/action_view/helpers/active_record_helper.php on line 272
[03-Apr-2006 11:19:33] PHP Notice:  Undefined variable: results in /home/haas/trax/trunk/trax/vendor/trax/action_view/helpers/active_record_helper.php on line 272
[03-Apr-2006 11:20:14] PHP Notice:  Undefined variable: results in /home/haas/trax/trunk/trax/vendor/trax/action_view/helpers/active_record_helper.php on line 271
[03-Apr-2006 11:20:14] PHP Notice:  Undefined variable: results in /home/haas/trax/trunk/trax/vendor/trax/action_view/helpers/active_record_helper.php on line 271
[03-Apr-2006 11:20:14] PHP Notice:  Undefined variable: results in /home/haas/trax/trunk/trax/vendor/trax/action_view/helpers/active_record_helper.php on line 271
[03-Apr-2006 11:20:14] PHP Notice:  Undefined variable: results in /home/haas/trax/trunk/trax/vendor/trax/action_view/helpers/active_record_helper.php on line 271
[03-Apr-2006 11:21:12] PHP Notice:  Undefined variable: results in /home/haas/trax/trunk/trax/vendor/trax/action_view/helpers/active_record_helper.php on line 271
[03-Apr-2006 11:21:12] PHP Notice:  Undefined variable: results in /home/haas/trax/trunk/trax/vendor/trax/action_view/helpers/active_record_helper.php on line 271
[03-Apr-2006 11:21:12] PHP Notice:  Undefined variable: results in /home/haas/trax/trunk/trax/vendor/trax/action_view/helpers/active_record_helper.php on line 271
[03-Apr-2006 11:21:12] PHP Notice:  Undefined variable: results in /home/haas/trax/trunk/trax/vendor/trax/action_view/helpers/active_record_helper.php on line 271
[03-Apr-2006 15:02:33] PHP Notice:  Undefined variable: results in /home/haas/trax/trunk/trax/vendor/trax/action_view/helpers/active_record_helper.php on line 284
[03-Apr-2006 15:02:33] PHP Notice:  Undefined variable: results in /home/haas/trax/trunk/trax/vendor/trax/action_view/helpers/active_record_helper.php on line 284
[03-Apr-2006 15:02:33] PHP Notice:  Undefined variable: results in /home/haas/trax/trunk/trax/vendor/trax/action_view/helpers/active_record_helper.php on line 284
[03-Apr-2006 15:02:33] PHP Notice:  Undefined variable: results in /home/haas/trax/trunk/trax/vendor/trax/action_view/helpers/active_record_helper.php on line 284
[03-Apr-2006 15:59:00] PHP Notice:  Undefined variable: results in /home/haas/trax/trunk/trax/vendor/trax/action_view/helpers/active_record_helper.php on line 284
[03-Apr-2006 15:59:00] PHP Notice:  Undefined variable: results in /home/haas/trax/trunk/trax/vendor/trax/action_view/helpers/active_record_helper.php on line 284
[03-Apr-2006 15:59:00] PHP Notice:  Undefined variable: results in /home/haas/trax/trunk/trax/vendor/trax/action_view/helpers/active_record_helper.php on line 284
[03-Apr-2006 15:59:00] PHP Notice:  Undefined variable: results in /home/haas/trax/trunk/trax/vendor/trax/action_view/helpers/active_record_helper.php on line 284
[03-Apr-2006 15:59:30] PHP Notice:  Undefined variable: results in /home/haas/trax/trunk/trax/vendor/trax/action_view/helpers/active_record_helper.php on line 284
[03-Apr-2006 15:59:30] PHP Notice:  Undefined variable: results in /home/haas/trax/trunk/trax/vendor/trax/action_view/helpers/active_record_helper.php on line 284
[03-Apr-2006 15:59:30] PHP Notice:  Undefined variable: results in /home/haas/trax/trunk/trax/vendor/trax/action_view/helpers/active_record_helper.php on line 284
[03-Apr-2006 15:59:30] PHP Notice:  Undefined variable: results in /home/haas/trax/trunk/trax/vendor/trax/action_view/helpers/active_record_helper.php on line 284
[05-Apr-2006 16:15:13] PHP Fatal error:  Uncaught exception 'ActiveRecordError' with message 'Model Class: Person<br>Error Message: DB Error: connect failed' in /home/haas/trax/trunk/trax/vendor/trax/active_record.php:1937
Stack trace:
#0 /home/haas/trax/trunk/trax/vendor/trax/active_record.php(1937): ActiveRecord::raise()
#1 /home/haas/trax/trunk/trax/vendor/trax/active_record.php(1909): Person->raise('DB Error: conne...')
#2 /home/haas/trax/trunk/trax/vendor/trax/active_record.php(335): Person->establish_connection()
#3 /home/haas/trax/trunk/trax/vendor/trax/trax_generator.php(459): Person->__construct()
#4 /home/haas/trax/trunk/trax/vendor/trax/trax_generator.php(276): TraxGenerator->generate_scaffold('Person', 'admin', Array)
#5 /home/haas/trax/trunk/trax/script/generate.php(56): TraxGenerator->run()
#6 {main}
  thrown in /home/haas/trax/trunk/trax/vendor/trax/active_record.php on line 1937
[05-Apr-2006 16:15:51] PHP Fatal error:  Uncaught exception 'ActiveRecordError' with message 'Model Class: Person<br>Error Message: DB Error: connect failed' in /home/haas/trax/trunk/trax/vendor/trax/active_record.php:1937
Stack trace:
#0 /home/haas/trax/trunk/trax/vendor/trax/active_record.php(1937): ActiveRecord::raise()
#1 /home/haas/trax/trunk/trax/vendor/trax/active_record.php(1909): Person->raise('DB Error: conne...')
#2 /home/haas/trax/trunk/trax/vendor/trax/active_record.php(335): Person->establish_connection()
#3 /home/haas/trax/trunk/trax/vendor/trax/trax_generator.php(459): Person->__construct()
#4 /home/haas/trax/trunk/trax/vendor/trax/trax_generator.php(276): TraxGenerator->generate_scaffold('Person', 'admin', Array)
#5 /home/haas/trax/trunk/trax/script/generate.php(56): TraxGenerator->run()
#6 {main}
  thrown in /home/haas/trax/trunk/trax/vendor/trax/active_record.php on line 1937
[05-Apr-2006 16:17:48] PHP Fatal error:  Uncaught exception 'ActiveRecordError' with message 'Model Class: Person<br>Error Message: DB Error: connect failed' in /home/haas/trax/trunk/trax/vendor/trax/active_record.php:1937
Stack trace:
#0 /home/haas/trax/trunk/trax/vendor/trax/active_record.php(1937): ActiveRecord::raise()
#1 /home/haas/trax/trunk/trax/vendor/trax/active_record.php(1909): Person->raise('DB Error: conne...')
#2 /home/haas/trax/trunk/trax/vendor/trax/active_record.php(335): Person->establish_connection()
#3 /home/haas/trax/trunk/trax/vendor/trax/trax_generator.php(459): Person->__construct()
#4 /home/haas/trax/trunk/trax/vendor/trax/trax_generator.php(276): TraxGenerator->generate_scaffold('Person', 'admin', Array)
#5 /home/haas/trax/trunk/trax/script/generate.php(56): TraxGenerator->run()
#6 {main}
  thrown in /home/haas/trax/trunk/trax/vendor/trax/active_record.php on line 1937
[05-Apr-2006 16:21:09] PHP Fatal error:  Uncaught exception 'ActiveRecordError' with message 'Model Class: Person<br>Error Message: DB Error: connect failed' in /home/haas/trax/trunk/trax/vendor/trax/active_record.php:1937
Stack trace:
#0 /home/haas/trax/trunk/trax/vendor/trax/active_record.php(1937): ActiveRecord::raise()
#1 /home/haas/trax/trunk/trax/vendor/trax/active_record.php(1909): Person->raise('DB Error: conne...')
#2 /home/haas/trax/trunk/trax/vendor/trax/active_record.php(335): Person->establish_connection()
#3 /home/haas/trax/trunk/trax/vendor/trax/trax_generator.php(459): Person->__construct()
#4 /home/haas/trax/trunk/trax/vendor/trax/trax_generator.php(276): TraxGenerator->generate_scaffold('Person', 'admin', Array)
#5 /home/haas/trax/trunk/trax/script/generate.php(56): TraxGenerator->run()
#6 {main}
  thrown in /home/haas/trax/trunk/trax/vendor/trax/active_record.php on line 1937
[05-Apr-2006 16:22:13] PHP Fatal error:  Uncaught exception 'ActiveRecordError' with message 'Model Class: Person<br>Error Message: DB Error: connect failed' in /home/haas/trax/trunk/trax/vendor/trax/active_record.php:1937
Stack trace:
#0 /home/haas/trax/trunk/trax/vendor/trax/active_record.php(1937): ActiveRecord::raise()
#1 /home/haas/trax/trunk/trax/vendor/trax/active_record.php(1909): Person->raise('DB Error: conne...')
#2 /home/haas/trax/trunk/trax/vendor/trax/active_record.php(335): Person->establish_connection()
#3 /home/haas/trax/trunk/trax/vendor/trax/trax_generator.php(459): Person->__construct()
#4 /home/haas/trax/trunk/trax/vendor/trax/trax_generator.php(276): TraxGenerator->generate_scaffold('Person', 'admin', Array)
#5 /home/haas/trax/trunk/trax/script/generate.php(56): TraxGenerator->run()
#6 {main}
  thrown in /home/haas/trax/trunk/trax/vendor/trax/active_record.php on line 1937
